<?xml version="1.0" encoding="UTF-8"?>
<!-- Generated by org.testng.reporters.JUnitXMLReporter -->
<testsuite hostname="LAPTOP-SR9OPSDN" ignored="0" name="Logout Test" tests="1" failures="1" timestamp="26 Apr 2022 20:39:46 GMT" time="15.455" errors="0">
  <testcase name="verifyLogout" time="15.284" classname="testcases.TC002Logout">
    <failure type="java.lang.NullPointerException">
      <![CDATA[java.lang.NullPointerException
	at org.openqa.selenium.support.pagefactory.internal.LocatingElementHandler.invoke(LocatingElementHandler.java:51)
	at com.sun.proxy.$Proxy7.sendKeys(Unknown Source)
	at pageClass.Login.loginpage(Login.java:29)
	at testcases.TC002Logout.verifyLogout(TC002Logout.java:17)
... Removed 29 stack frames]]>
    </failure>
  </testcase> <!-- verifyLogout -->
</testsuite> <!-- Logout Test -->
