<?xml version="1.0" encoding="UTF-8"?>
<testng-results skipped="0" failed="0" ignored="0" total="1" passed="1">
  <reporter-output>
  </reporter-output>
  <suite name="Default suite" duration-ms="7873" started-at="2022-05-05T01:52:44Z" finished-at="2022-05-05T01:52:52Z">
    <groups>
    </groups>
    <test name="Default test" duration-ms="7873" started-at="2022-05-05T01:52:44Z" finished-at="2022-05-05T01:52:52Z">
      <class name="testcases.TC009WelcomeSupport">
        <test-method status="PASS" signature="init()[pri:0, instance:testcases.TC009WelcomeSupport@75c072cb]" name="init" is-config="true" duration-ms="13283" started-at="2022-05-04T21:52:30Z" finished-at="2022-05-04T21:52:44Z">
          <reporter-output>
          </reporter-output>
        </test-method> <!-- init -->
        <test-method status="PASS" signature="verifysupport()[pri:0, instance:testcases.TC009WelcomeSupport@75c072cb]" name="verifysupport" duration-ms="7778" started-at="2022-05-04T21:52:44Z" finished-at="2022-05-04T21:52:52Z">
          <reporter-output>
          </reporter-output>
        </test-method> <!-- verifysupport -->
        <test-method status="PASS" signature="tearDown()[pri:0, instance:testcases.TC009WelcomeSupport@75c072cb]" name="tearDown" is-config="true" duration-ms="870" started-at="2022-05-04T21:52:52Z" finished-at="2022-05-04T21:52:53Z">
          <reporter-output>
          </reporter-output>
        </test-method> <!-- tearDown -->
      </class> <!-- testcases.TC009WelcomeSupport -->
    </test> <!-- Default test -->
  </suite> <!-- Default suite -->
</testng-results>
