<?xml version="1.0" encoding="UTF-8"?>
<testng-results skipped="0" failed="0" ignored="0" total="1" passed="1">
  <reporter-output>
  </reporter-output>
  <suite name="Default suite" duration-ms="7909" started-at="2022-05-07T04:46:50Z" finished-at="2022-05-07T04:46:58Z">
    <groups>
    </groups>
    <test name="Default test" duration-ms="7909" started-at="2022-05-07T04:46:50Z" finished-at="2022-05-07T04:46:58Z">
      <class name="testcases.TC009WelcomeSupport">
        <test-method status="PASS" signature="init()[pri:0, instance:testcases.TC009WelcomeSupport@75c072cb]" name="init" is-config="true" duration-ms="13247" started-at="2022-05-07T00:46:37Z" finished-at="2022-05-07T00:46:50Z">
          <reporter-output>
          </reporter-output>
        </test-method> <!-- init -->
        <test-method status="PASS" signature="verifysupport()[pri:0, instance:testcases.TC009WelcomeSupport@75c072cb]" name="verifysupport" duration-ms="7856" started-at="2022-05-07T00:46:50Z" finished-at="2022-05-07T00:46:58Z">
          <reporter-output>
          </reporter-output>
        </test-method> <!-- verifysupport -->
        <test-method status="PASS" signature="tearDown()[pri:0, instance:testcases.TC009WelcomeSupport@75c072cb]" name="tearDown" is-config="true" duration-ms="1048" started-at="2022-05-07T00:46:58Z" finished-at="2022-05-07T00:46:59Z">
          <reporter-output>
          </reporter-output>
        </test-method> <!-- tearDown -->
      </class> <!-- testcases.TC009WelcomeSupport -->
    </test> <!-- Default test -->
  </suite> <!-- Default suite -->
</testng-results>
